<?xml version="1.0" encoding="UTF-8"?>
<!-- Generated by org.testng.reporters.JUnitReportReporter -->
<testsuite hostname="DESKTOP-954UE1D" failures="0" tests="1" name="com.Flipcart.PlaceOrder" time="28.797" errors="0" timestamp="2024-02-27T19:15:54 IST" skipped="0">
  <testcase classname="com.Flipcart.PlaceOrder" name="completeOrderProcess" time="28.797"/>
  <system-out/>
</testsuite> <!-- com.Flipcart.PlaceOrder -->
