<?xml version="1.0" encoding="UTF-8"?>
<!-- Generated by org.testng.reporters.JUnitReportReporter -->
<testsuite hostname="DESKTOP-954UE1D" failures="0" tests="1" name="FlipkartAutomation2" time="26.830" errors="0" timestamp="2024-02-27T19:03:24 IST" skipped="0">
  <testcase classname="FlipkartAutomation2" name="completeOrderProcess" time="26.830"/>
  <system-out/>
</testsuite> <!-- FlipkartAutomation2 -->
