<?xml version="1.0" encoding="UTF-8"?>
<!-- Generated by org.testng.reporters.JUnitReportReporter -->
<testsuite hostname="DESKTOP-954UE1D" failures="0" tests="1" name="com.flipkart.automation.FlipkartOrderAutomation" time="46.866" errors="0" timestamp="2024-02-27T19:41:52 IST" skipped="0">
  <testcase classname="com.flipkart.automation.FlipkartOrderAutomation" name="TC_001_testCompleteOrderProcess" time="46.866"/>
  <system-out/>
</testsuite> <!-- com.flipkart.automation.FlipkartOrderAutomation -->
