<?xml version="1.0" encoding="UTF-8"?>
<!-- Generated by org.testng.reporters.JUnitReportReporter -->
<testsuite hostname="DESKTOP-954UE1D" failures="0" tests="1" name="FlipkartAutomation" time="28.360" errors="0" timestamp="2024-02-25T01:48:29 IST" skipped="0">
  <testcase classname="FlipkartAutomation" name="test1" time="28.360"/>
  <system-out/>
</testsuite> <!-- FlipkartAutomation -->
